<?xml version="1.0" encoding="UTF-8"?>
<!-- Generated by org.testng.reporters.JUnitReportReporter -->
<testsuite hostname="DESKTOP-OKPA2FN" failures="0" tests="1" name="Appium.WeatherChannelAutomation.runnerClass" time="43.781" errors="0" timestamp="2022-06-18T22:36:32 EDT" skipped="0">
  <testcase classname="Appium.WeatherChannelAutomation.runnerClass" name="validate_user_LookUp_Location_For_Weather_CheckUp" time="43.781"/>
  <system-out/>
</testsuite> <!-- Appium.WeatherChannelAutomation.runnerClass -->
